{"E:\\infytypescriptmay2024\\projects\\customerapi\\index.ts": {"path":"E:\\infytypescriptmay2024\\projects\\customerapi\\index.ts","statementMap":{"0":{"start":{"line":2,"column":0},"end":{"line":2,"column":47}},"1":{"start":{"line":3,"column":0},"end":{"line":3,"column":35}},"2":{"start":{"line":5,"column":13},"end":{"line":5,"column":42}},"3":{"start":{"line":6,"column":23},"end":{"line":6,"column":38}},"4":{"start":{"line":7,"column":21},"end":{"line":7,"column":77}},"5":{"start":{"line":9,"column":0},"end":{"line":19,"column":7}},"6":{"start":{"line":11,"column":8},"end":{"line":11,"column":58}},"7":{"start":{"line":14,"column":8},"end":{"line":18,"column":9}},"8":{"start":{"line":15,"column":12},"end":{"line":15,"column":57}},"9":{"start":{"line":17,"column":12},"end":{"line":17,"column":29}}},"fnMap":{"0":{"name":"(anonymous_1)","decl":{"start":{"line":10,"column":31},"end":{"line":10,"column":null}},"loc":{"start":{"line":10,"column":31},"end":{"line":12,"column":5}}},"1":{"name":"(anonymous_2)","decl":{"start":{"line":13,"column":17},"end":{"line":13,"column":18}},"loc":{"start":{"line":13,"column":30},"end":{"line":19,"column":5}}}},"branchMap":{"0":{"loc":{"start":{"line":7,"column":21},"end":{"line":7,"column":77}},"type":"cond-expr","locations":[{"start":{"line":7,"column":40},"end":{"line":7,"column":70}},{"start":{"line":7,"column":73},"end":{"line":7,"column":77}}]},"1":{"loc":{"start":{"line":14,"column":8},"end":{"line":18,"column":9}},"type":"if","locations":[{"start":{"line":14,"column":8},"end":{"line":18,"column":9}},{"start":{"line":16,"column":15},"end":{"line":18,"column":9}}]}},"s":{"0":1,"1":1,"2":1,"3":1,"4":1,"5":1,"6":1,"7":0,"8":0,"9":0},"f":{"0":1,"1":0},"b":{"0":[0,1],"1":[0,0]}}
,"E:\\infytypescriptmay2024\\projects\\customerapi\\src\\config.ts": {"path":"E:\\infytypescriptmay2024\\projects\\customerapi\\src\\config.ts","statementMap":{"0":{"start":{"line":1,"column":13},"end":{"line":13,"column":2}},"1":{"start":{"line":15,"column":13},"end":{"line":15,"column":34}}},"fnMap":{},"branchMap":{},"s":{"0":1,"1":1},"f":{},"b":{}}
,"E:\\infytypescriptmay2024\\projects\\customerapi\\src\\index.ts": {"path":"E:\\infytypescriptmay2024\\projects\\customerapi\\src\\index.ts","statementMap":{"0":{"start":{"line":1,"column":0},"end":{"line":1,"column":40}},"1":{"start":{"line":3,"column":0},"end":{"line":3,"column":38}},"2":{"start":{"line":4,"column":0},"end":{"line":4,"column":29}},"3":{"start":{"line":5,"column":0},"end":{"line":5,"column":36}},"4":{"start":{"line":8,"column":8},"end":{"line":8,"column":25}},"5":{"start":{"line":9,"column":8},"end":{"line":9,"column":28}},"6":{"start":{"line":10,"column":8},"end":{"line":10,"column":24}},"7":{"start":{"line":14,"column":41},"end":{"line":16,"column":10}},"8":{"start":{"line":18,"column":8},"end":{"line":18,"column":35}},"9":{"start":{"line":19,"column":8},"end":{"line":19,"column":32}},"10":{"start":{"line":20,"column":8},"end":{"line":20,"column":56}},"11":{"start":{"line":25,"column":8},"end":{"line":25,"column":51}},"12":{"start":{"line":6,"column":0},"end":{"line":6,"column":13}}},"fnMap":{"0":{"name":"(anonymous_1)","decl":{"start":{"line":7,"column":4},"end":{"line":7,"column":16}},"loc":{"start":{"line":7,"column":31},"end":{"line":11,"column":5}}},"1":{"name":"(anonymous_2)","decl":{"start":{"line":13,"column":4},"end":{"line":13,"column":10}},"loc":{"start":{"line":13,"column":26},"end":{"line":22,"column":5}}},"2":{"name":"(anonymous_3)","decl":{"start":{"line":24,"column":4},"end":{"line":24,"column":16}},"loc":{"start":{"line":24,"column":16},"end":{"line":26,"column":5}}}},"branchMap":{"0":{"loc":{"start":{"line":25,"column":8},"end":{"line":25,"column":50}},"type":"cond-expr","locations":[{"start":{"line":25,"column":42},"end":{"line":25,"column":44}},{"start":{"line":25,"column":42},"end":{"line":25,"column":50}}]},"1":{"loc":{"start":{"line":25,"column":8},"end":{"line":25,"column":44}},"type":"binary-expr","locations":[{"start":{"line":25,"column":8},"end":{"line":25,"column":44}},{"start":{"line":25,"column":42},"end":{"line":25,"column":44}}]}},"s":{"0":1,"1":1,"2":1,"3":1,"4":1,"5":1,"6":1,"7":1,"8":1,"9":1,"10":1,"11":1,"12":1},"f":{"0":1,"1":1,"2":1},"b":{"0":[0,1],"1":[1,1]}}
,"E:\\infytypescriptmay2024\\projects\\customerapi\\src\\api\\controllers\\customer.controller.ts": {"path":"E:\\infytypescriptmay2024\\projects\\customerapi\\src\\api\\controllers\\customer.controller.ts","statementMap":{"0":{"start":{"line":2,"column":0},"end":{"line":2,"column":75}},"1":{"start":{"line":4,"column":0},"end":{"line":4,"column":61}},"2":{"start":{"line":8,"column":8},"end":{"line":8,"column":null}},"3":{"start":{"line":10,"column":8},"end":{"line":15,"column":9}},"4":{"start":{"line":11,"column":12},"end":{"line":13,"column":15}},"5":{"start":{"line":14,"column":12},"end":{"line":14,"column":19}},"6":{"start":{"line":16,"column":30},"end":{"line":16,"column":38}},"7":{"start":{"line":18,"column":8},"end":{"line":31,"column":9}},"8":{"start":{"line":20,"column":42},"end":{"line":20,"column":88}},"9":{"start":{"line":21,"column":13},"end":{"line":24,"column":null}},"10":{"start":{"line":27,"column":12},"end":{"line":30,"column":null}},"11":{"start":{"line":38,"column":33},"end":{"line":38,"column":99}},"12":{"start":{"line":39,"column":32},"end":{"line":39,"column":97}},"13":{"start":{"line":42,"column":8},"end":{"line":47,"column":9}},"14":{"start":{"line":43,"column":12},"end":{"line":45,"column":15}},"15":{"start":{"line":46,"column":12},"end":{"line":46,"column":19}},"16":{"start":{"line":49,"column":29},"end":{"line":49,"column":47}},"17":{"start":{"line":51,"column":8},"end":{"line":61,"column":9}},"18":{"start":{"line":53,"column":40},"end":{"line":53,"column":124}},"19":{"start":{"line":54,"column":12},"end":{"line":54,"column":null}},"20":{"start":{"line":57,"column":12},"end":{"line":60,"column":null}},"21":{"start":{"line":67,"column":35},"end":{"line":67,"column":58}},"22":{"start":{"line":70,"column":8},"end":{"line":75,"column":9}},"23":{"start":{"line":71,"column":12},"end":{"line":73,"column":15}},"24":{"start":{"line":74,"column":12},"end":{"line":74,"column":19}},"25":{"start":{"line":78,"column":8},"end":{"line":88,"column":9}},"26":{"start":{"line":80,"column":42},"end":{"line":80,"column":95}},"27":{"start":{"line":81,"column":12},"end":{"line":81,"column":null}},"28":{"start":{"line":84,"column":12},"end":{"line":87,"column":null}},"29":{"start":{"line":94,"column":35},"end":{"line":94,"column":58}},"30":{"start":{"line":97,"column":8},"end":{"line":102,"column":9}},"31":{"start":{"line":98,"column":12},"end":{"line":100,"column":15}},"32":{"start":{"line":101,"column":12},"end":{"line":101,"column":19}},"33":{"start":{"line":105,"column":8},"end":{"line":115,"column":9}},"34":{"start":{"line":107,"column":24},"end":{"line":107,"column":79}},"35":{"start":{"line":108,"column":12},"end":{"line":108,"column":null}},"36":{"start":{"line":111,"column":12},"end":{"line":114,"column":null}},"37":{"start":{"line":120,"column":8},"end":{"line":137,"column":9}},"38":{"start":{"line":121,"column":24},"end":{"line":121,"column":69}},"39":{"start":{"line":122,"column":12},"end":{"line":130,"column":13}},"40":{"start":{"line":123,"column":16},"end":{"line":125,"column":null}},"41":{"start":{"line":127,"column":16},"end":{"line":129,"column":null}},"42":{"start":{"line":133,"column":12},"end":{"line":136,"column":null}},"43":{"start":{"line":144,"column":29},"end":{"line":144,"column":85}},"44":{"start":{"line":145,"column":32},"end":{"line":145,"column":93}},"45":{"start":{"line":146,"column":34},"end":{"line":146,"column":83}},"46":{"start":{"line":148,"column":40},"end":{"line":148,"column":84}},"47":{"start":{"line":151,"column":8},"end":{"line":156,"column":9}},"48":{"start":{"line":152,"column":12},"end":{"line":154,"column":15}},"49":{"start":{"line":155,"column":12},"end":{"line":155,"column":19}},"50":{"start":{"line":158,"column":8},"end":{"line":169,"column":9}},"51":{"start":{"line":159,"column":24},"end":{"line":159,"column":78}},"52":{"start":{"line":161,"column":16},"end":{"line":161,"column":null}},"53":{"start":{"line":165,"column":12},"end":{"line":168,"column":null}},"54":{"start":{"line":5,"column":0},"end":{"line":5,"column":21}}},"fnMap":{"0":{"name":"(anonymous_8)","decl":{"start":{"line":7,"column":10},"end":{"line":7,"column":16}},"loc":{"start":{"line":7,"column":41},"end":{"line":34,"column":null}}},"1":{"name":"(anonymous_10)","decl":{"start":{"line":36,"column":10},"end":{"line":36,"column":17}},"loc":{"start":{"line":36,"column":42},"end":{"line":64,"column":null}}},"2":{"name":"(anonymous_12)","decl":{"start":{"line":65,"column":10},"end":{"line":65,"column":18}},"loc":{"start":{"line":65,"column":43},"end":{"line":91,"column":null}}},"3":{"name":"(anonymous_14)","decl":{"start":{"line":92,"column":10},"end":{"line":92,"column":20}},"loc":{"start":{"line":92,"column":45},"end":{"line":118,"column":null}}},"4":{"name":"(anonymous_16)","decl":{"start":{"line":119,"column":10},"end":{"line":119,"column":19}},"loc":{"start":{"line":119,"column":44},"end":{"line":140,"column":null}}},"5":{"name":"(anonymous_18)","decl":{"start":{"line":142,"column":10},"end":{"line":142,"column":24}},"loc":{"start":{"line":142,"column":49},"end":{"line":172,"column":null}}}},"branchMap":{"0":{"loc":{"start":{"line":10,"column":8},"end":{"line":15,"column":9}},"type":"if","locations":[{"start":{"line":10,"column":8},"end":{"line":15,"column":9}}]},"1":{"loc":{"start":{"line":38,"column":33},"end":{"line":38,"column":99}},"type":"cond-expr","locations":[{"start":{"line":38,"column":75},"end":{"line":38,"column":94}},{"start":{"line":38,"column":97},"end":{"line":38,"column":99}}]},"2":{"loc":{"start":{"line":39,"column":32},"end":{"line":39,"column":97}},"type":"cond-expr","locations":[{"start":{"line":39,"column":73},"end":{"line":39,"column":91}},{"start":{"line":39,"column":94},"end":{"line":39,"column":97}}]},"3":{"loc":{"start":{"line":42,"column":8},"end":{"line":47,"column":9}},"type":"if","locations":[{"start":{"line":42,"column":8},"end":{"line":47,"column":9}}]},"4":{"loc":{"start":{"line":70,"column":8},"end":{"line":75,"column":9}},"type":"if","locations":[{"start":{"line":70,"column":8},"end":{"line":75,"column":9}}]},"5":{"loc":{"start":{"line":97,"column":8},"end":{"line":102,"column":9}},"type":"if","locations":[{"start":{"line":97,"column":8},"end":{"line":102,"column":9}}]},"6":{"loc":{"start":{"line":122,"column":12},"end":{"line":130,"column":13}},"type":"if","locations":[{"start":{"line":122,"column":12},"end":{"line":130,"column":13}},{"start":{"line":126,"column":17},"end":{"line":130,"column":13}}]},"7":{"loc":{"start":{"line":144,"column":29},"end":{"line":144,"column":85}},"type":"cond-expr","locations":[{"start":{"line":144,"column":66},"end":{"line":144,"column":80}},{"start":{"line":144,"column":83},"end":{"line":144,"column":85}}]},"8":{"loc":{"start":{"line":145,"column":32},"end":{"line":145,"column":93}},"type":"cond-expr","locations":[{"start":{"line":145,"column":72},"end":{"line":145,"column":89}},{"start":{"line":145,"column":92},"end":{"line":145,"column":93}}]},"9":{"loc":{"start":{"line":146,"column":34},"end":{"line":146,"column":83}},"type":"cond-expr","locations":[{"start":{"line":146,"column":68},"end":{"line":146,"column":79}},{"start":{"line":146,"column":82},"end":{"line":146,"column":83}}]},"10":{"loc":{"start":{"line":151,"column":8},"end":{"line":156,"column":9}},"type":"if","locations":[{"start":{"line":151,"column":8},"end":{"line":156,"column":9}}]}},"s":{"0":1,"1":1,"2":0,"3":0,"4":0,"5":0,"6":0,"7":0,"8":0,"9":0,"10":0,"11":0,"12":0,"13":0,"14":0,"15":0,"16":0,"17":0,"18":0,"19":0,"20":0,"21":1,"22":1,"23":0,"24":0,"25":1,"26":1,"27":1,"28":0,"29":0,"30":0,"31":0,"32":0,"33":0,"34":0,"35":0,"36":0,"37":0,"38":0,"39":0,"40":0,"41":0,"42":0,"43":0,"44":0,"45":0,"46":0,"47":0,"48":0,"49":0,"50":0,"51":0,"52":0,"53":0,"54":1},"f":{"0":0,"1":0,"2":1,"3":0,"4":0,"5":0},"b":{"0":[0],"1":[0,0],"2":[0,0],"3":[0],"4":[0],"5":[0],"6":[0,0],"7":[0,0],"8":[0,0],"9":[0,0],"10":[0]}}
,"E:\\infytypescriptmay2024\\projects\\customerapi\\src\\api\\routes\\customer.route.ts": {"path":"E:\\infytypescriptmay2024\\projects\\customerapi\\src\\api\\routes\\customer.route.ts","statementMap":{"0":{"start":{"line":1,"column":0},"end":{"line":1,"column":31}},"1":{"start":{"line":2,"column":0},"end":{"line":2,"column":68}},"2":{"start":{"line":9,"column":8},"end":{"line":9,"column":31}},"3":{"start":{"line":10,"column":8},"end":{"line":10,"column":57}},"4":{"start":{"line":11,"column":8},"end":{"line":11,"column":null}},"5":{"start":{"line":16,"column":8},"end":{"line":16,"column":null}},"6":{"start":{"line":17,"column":8},"end":{"line":17,"column":null}},"7":{"start":{"line":18,"column":8},"end":{"line":18,"column":null}},"8":{"start":{"line":19,"column":8},"end":{"line":19,"column":null}},"9":{"start":{"line":20,"column":8},"end":{"line":20,"column":null}},"10":{"start":{"line":21,"column":8},"end":{"line":21,"column":null}},"11":{"start":{"line":27,"column":0},"end":{"line":27,"column":null}}},"fnMap":{"0":{"name":"(anonymous_1)","decl":{"start":{"line":8,"column":4},"end":{"line":8,"column":null}},"loc":{"start":{"line":8,"column":4},"end":{"line":12,"column":5}}},"1":{"name":"(anonymous_2)","decl":{"start":{"line":14,"column":4},"end":{"line":14,"column":20}},"loc":{"start":{"line":14,"column":20},"end":{"line":22,"column":5}}}},"branchMap":{},"s":{"0":1,"1":1,"2":1,"3":1,"4":1,"5":1,"6":1,"7":1,"8":1,"9":1,"10":1,"11":1},"f":{"0":1,"1":1},"b":{}}
,"E:\\infytypescriptmay2024\\projects\\customerapi\\src\\api\\routes\\index.ts": {"path":"E:\\infytypescriptmay2024\\projects\\customerapi\\src\\api\\routes\\index.ts","statementMap":{"0":{"start":{"line":2,"column":0},"end":{"line":2,"column":45}},"1":{"start":{"line":6,"column":8},"end":{"line":6,"column":null}},"2":{"start":{"line":4,"column":0},"end":{"line":4,"column":13}}},"fnMap":{"0":{"name":"(anonymous_1)","decl":{"start":{"line":5,"column":4},"end":{"line":5,"column":16}},"loc":{"start":{"line":5,"column":31},"end":{"line":7,"column":5}}}},"branchMap":{},"s":{"0":1,"1":1,"2":1},"f":{"0":1},"b":{}}
,"E:\\infytypescriptmay2024\\projects\\customerapi\\src\\db\\index.ts": {"path":"E:\\infytypescriptmay2024\\projects\\customerapi\\src\\db\\index.ts","statementMap":{"0":{"start":{"line":1,"column":0},"end":{"line":1,"column":47}},"1":{"start":{"line":2,"column":0},"end":{"line":2,"column":41}},"2":{"start":{"line":4,"column":0},"end":{"line":4,"column":49}},"3":{"start":{"line":5,"column":0},"end":{"line":5,"column":53}},"4":{"start":{"line":6,"column":0},"end":{"line":6,"column":51}},"5":{"start":{"line":7,"column":0},"end":{"line":7,"column":47}},"6":{"start":{"line":12,"column":7},"end":{"line":12,"column":null}},"7":{"start":{"line":13,"column":8},"end":{"line":13,"column":null}},"8":{"start":{"line":18,"column":8},"end":{"line":32,"column":null}},"9":{"start":{"line":33,"column":8},"end":{"line":37,"column":null}},"10":{"start":{"line":34,"column":12},"end":{"line":34,"column":null}},"11":{"start":{"line":36,"column":12},"end":{"line":36,"column":null}},"12":{"start":{"line":9,"column":0},"end":{"line":9,"column":13}}},"fnMap":{"0":{"name":"(anonymous_7)","decl":{"start":{"line":11,"column":4},"end":{"line":11,"column":null}},"loc":{"start":{"line":11,"column":4},"end":{"line":15,"column":5}}},"1":{"name":"(anonymous_8)","decl":{"start":{"line":17,"column":18},"end":{"line":17,"column":34}},"loc":{"start":{"line":17,"column":34},"end":{"line":39,"column":null}}},"2":{"name":"(anonymous_10)","decl":{"start":{"line":33,"column":49},"end":{"line":33,"column":51}},"loc":{"start":{"line":33,"column":53},"end":{"line":35,"column":9}}},"3":{"name":"(anonymous_11)","decl":{"start":{"line":35,"column":17},"end":{"line":35,"column":18}},"loc":{"start":{"line":35,"column":26},"end":{"line":37,"column":9}}}},"branchMap":{},"s":{"0":1,"1":1,"2":1,"3":1,"4":1,"5":1,"6":1,"7":1,"8":1,"9":1,"10":1,"11":0,"12":1},"f":{"0":1,"1":1,"2":1,"3":0},"b":{}}
,"E:\\infytypescriptmay2024\\projects\\customerapi\\src\\db\\dtos\\customer.request.ts": {"path":"E:\\infytypescriptmay2024\\projects\\customerapi\\src\\db\\dtos\\customer.request.ts","statementMap":{"0":{"start":{"line":7,"column":8},"end":{"line":7,"column":27}},"1":{"start":{"line":8,"column":8},"end":{"line":8,"column":35}},"2":{"start":{"line":9,"column":8},"end":{"line":9,"column":37}},"3":{"start":{"line":1,"column":0},"end":{"line":1,"column":13}}},"fnMap":{"0":{"name":"(anonymous_0)","decl":{"start":{"line":6,"column":4},"end":{"line":6,"column":16}},"loc":{"start":{"line":6,"column":68},"end":{"line":10,"column":5}}}},"branchMap":{},"s":{"0":0,"1":0,"2":0,"3":1},"f":{"0":0},"b":{}}
,"E:\\infytypescriptmay2024\\projects\\customerapi\\src\\db\\models\\address.model.ts": {"path":"E:\\infytypescriptmay2024\\projects\\customerapi\\src\\db\\models\\address.model.ts","statementMap":{"0":{"start":{"line":1,"column":0},"end":{"line":1,"column":89}},"1":{"start":{"line":2,"column":0},"end":{"line":2,"column":42}},"2":{"start":{"line":6,"column":7},"end":{"line":47,"column":null}},"3":{"start":{"line":6,"column":13},"end":{"line":6,"column":20}},"4":{"start":{"line":14,"column":4},"end":{"line":14,"column":null}},"5":{"start":{"line":20,"column":4},"end":{"line":20,"column":null}},"6":{"start":{"line":25,"column":4},"end":{"line":25,"column":null}},"7":{"start":{"line":30,"column":4},"end":{"line":30,"column":null}},"8":{"start":{"line":35,"column":4},"end":{"line":35,"column":null}},"9":{"start":{"line":41,"column":4},"end":{"line":41,"column":null}},"10":{"start":{"line":37,"column":22},"end":{"line":37,"column":30}},"11":{"start":{"line":44,"column":4},"end":{"line":44,"column":null}},"12":{"start":{"line":43,"column":21},"end":{"line":43,"column":29}},"13":{"start":{"line":6,"column":13},"end":{"line":47,"column":null}}},"fnMap":{"0":{"name":"(anonymous_2)","decl":{"start":{"line":37,"column":16},"end":{"line":37,"column":19}},"loc":{"start":{"line":37,"column":22},"end":{"line":37,"column":30}}},"1":{"name":"(anonymous_3)","decl":{"start":{"line":43,"column":15},"end":{"line":43,"column":18}},"loc":{"start":{"line":43,"column":21},"end":{"line":43,"column":29}}}},"branchMap":{},"s":{"0":1,"1":1,"2":1,"3":1,"4":1,"5":1,"6":1,"7":1,"8":1,"9":1,"10":1,"11":1,"12":2,"13":1},"f":{"0":1,"1":2},"b":{}}
,"E:\\infytypescriptmay2024\\projects\\customerapi\\src\\db\\models\\companytype.enum.ts": {"path":"E:\\infytypescriptmay2024\\projects\\customerapi\\src\\db\\models\\companytype.enum.ts","statementMap":{"0":{"start":{"line":1,"column":0},"end":{"line":1,"column":null}},"1":{"start":{"line":2,"column":4},"end":{"line":2,"column":20}},"2":{"start":{"line":2,"column":20},"end":{"line":2,"column":38}},"3":{"start":{"line":2,"column":38},"end":{"line":2,"column":null}}},"fnMap":{"0":{"name":"(anonymous_0)","decl":{"start":{"line":1,"column":0},"end":{"line":1,"column":12}},"loc":{"start":{"line":1,"column":23},"end":{"line":3,"column":1}}}},"branchMap":{"0":{"loc":{"start":{"line":1,"column":12},"end":{"line":1,"column":null}},"type":"binary-expr","locations":[{"start":{"line":1,"column":12},"end":{"line":1,"column":23}},{"start":{"line":1,"column":23},"end":{"line":1,"column":null}}]}},"s":{"0":1,"1":1,"2":1,"3":1},"f":{"0":1},"b":{"0":[1,1]}}
,"E:\\infytypescriptmay2024\\projects\\customerapi\\src\\db\\models\\corporate.model.ts": {"path":"E:\\infytypescriptmay2024\\projects\\customerapi\\src\\db\\models\\corporate.model.ts","statementMap":{"0":{"start":{"line":1,"column":0},"end":{"line":1,"column":42}},"1":{"start":{"line":2,"column":0},"end":{"line":2,"column":61}},"2":{"start":{"line":3,"column":0},"end":{"line":3,"column":47}},"3":{"start":{"line":8,"column":7},"end":{"line":15,"column":null}},"4":{"start":{"line":8,"column":13},"end":{"line":8,"column":22}},"5":{"start":{"line":13,"column":4},"end":{"line":13,"column":null}},"6":{"start":{"line":8,"column":13},"end":{"line":15,"column":null}}},"fnMap":{},"branchMap":{},"s":{"0":1,"1":1,"2":1,"3":1,"4":1,"5":1,"6":1},"f":{},"b":{}}
,"E:\\infytypescriptmay2024\\projects\\customerapi\\src\\db\\models\\customer.model.ts": {"path":"E:\\infytypescriptmay2024\\projects\\customerapi\\src\\db\\models\\customer.model.ts","statementMap":{"0":{"start":{"line":1,"column":0},"end":{"line":1,"column":67}},"1":{"start":{"line":7,"column":7},"end":{"line":52,"column":null}},"2":{"start":{"line":7,"column":13},"end":{"line":7,"column":21}},"3":{"start":{"line":14,"column":5},"end":{"line":14,"column":null}},"4":{"start":{"line":20,"column":5},"end":{"line":20,"column":null}},"5":{"start":{"line":26,"column":4},"end":{"line":26,"column":null}},"6":{"start":{"line":32,"column":4},"end":{"line":32,"column":null}},"7":{"start":{"line":38,"column":4},"end":{"line":38,"column":null}},"8":{"start":{"line":44,"column":4},"end":{"line":44,"column":null}},"9":{"start":{"line":51,"column":4},"end":{"line":51,"column":null}},"10":{"start":{"line":7,"column":13},"end":{"line":52,"column":null}}},"fnMap":{},"branchMap":{},"s":{"0":1,"1":1,"2":1,"3":1,"4":1,"5":1,"6":1,"7":1,"8":1,"9":1,"10":1},"f":{},"b":{}}
,"E:\\infytypescriptmay2024\\projects\\customerapi\\src\\db\\models\\gender.enum.ts": {"path":"E:\\infytypescriptmay2024\\projects\\customerapi\\src\\db\\models\\gender.enum.ts","statementMap":{"0":{"start":{"line":1,"column":0},"end":{"line":1,"column":null}},"1":{"start":{"line":2,"column":4},"end":{"line":2,"column":16}},"2":{"start":{"line":2,"column":16},"end":{"line":2,"column":32}},"3":{"start":{"line":2,"column":32},"end":{"line":2,"column":null}}},"fnMap":{"0":{"name":"(anonymous_0)","decl":{"start":{"line":1,"column":0},"end":{"line":1,"column":12}},"loc":{"start":{"line":1,"column":18},"end":{"line":3,"column":1}}}},"branchMap":{"0":{"loc":{"start":{"line":1,"column":12},"end":{"line":1,"column":null}},"type":"binary-expr","locations":[{"start":{"line":1,"column":12},"end":{"line":1,"column":18}},{"start":{"line":1,"column":18},"end":{"line":1,"column":null}}]}},"s":{"0":1,"1":1,"2":1,"3":1},"f":{"0":1},"b":{"0":[1,1]}}
,"E:\\infytypescriptmay2024\\projects\\customerapi\\src\\db\\models\\individual.model.ts": {"path":"E:\\infytypescriptmay2024\\projects\\customerapi\\src\\db\\models\\individual.model.ts","statementMap":{"0":{"start":{"line":1,"column":0},"end":{"line":1,"column":42}},"1":{"start":{"line":2,"column":0},"end":{"line":2,"column":61}},"2":{"start":{"line":3,"column":0},"end":{"line":3,"column":37}},"3":{"start":{"line":8,"column":7},"end":{"line":22,"column":null}},"4":{"start":{"line":8,"column":13},"end":{"line":8,"column":23}},"5":{"start":{"line":14,"column":4},"end":{"line":14,"column":null}},"6":{"start":{"line":20,"column":4},"end":{"line":20,"column":null}},"7":{"start":{"line":8,"column":13},"end":{"line":22,"column":null}}},"fnMap":{},"branchMap":{},"s":{"0":1,"1":1,"2":1,"3":1,"4":1,"5":1,"6":1,"7":1},"f":{},"b":{}}
,"E:\\infytypescriptmay2024\\projects\\customerapi\\src\\db\\repositories\\customer.repository.ts": {"path":"E:\\infytypescriptmay2024\\projects\\customerapi\\src\\db\\repositories\\customer.repository.ts","statementMap":{"0":{"start":{"line":2,"column":0},"end":{"line":2,"column":50}},"1":{"start":{"line":3,"column":0},"end":{"line":3,"column":29}},"2":{"start":{"line":9,"column":7},"end":{"line":21,"column":8}},"3":{"start":{"line":10,"column":11},"end":{"line":17,"column":null}},"4":{"start":{"line":20,"column":11},"end":{"line":20,"column":57}},"5":{"start":{"line":24,"column":8},"end":{"line":35,"column":9}},"6":{"start":{"line":25,"column":23},"end":{"line":28,"column":14}},"7":{"start":{"line":29,"column":12},"end":{"line":32,"column":null}},"8":{"start":{"line":30,"column":16},"end":{"line":30,"column":null}},"9":{"start":{"line":32,"column":16},"end":{"line":32,"column":null}},"10":{"start":{"line":34,"column":12},"end":{"line":34,"column":63}},"11":{"start":{"line":39,"column":8},"end":{"line":51,"column":9}},"12":{"start":{"line":40,"column":25},"end":{"line":44,"column":14}},"13":{"start":{"line":45,"column":12},"end":{"line":48,"column":null}},"14":{"start":{"line":46,"column":16},"end":{"line":46,"column":null}},"15":{"start":{"line":48,"column":16},"end":{"line":48,"column":null}},"16":{"start":{"line":50,"column":12},"end":{"line":50,"column":59}},"17":{"start":{"line":56,"column":8},"end":{"line":64,"column":9}},"18":{"start":{"line":57,"column":12},"end":{"line":61,"column":15}},"19":{"start":{"line":63,"column":12},"end":{"line":63,"column":61}},"20":{"start":{"line":68,"column":8},"end":{"line":72,"column":9}},"21":{"start":{"line":69,"column":12},"end":{"line":69,"column":null}},"22":{"start":{"line":71,"column":12},"end":{"line":71,"column":56}},"23":{"start":{"line":76,"column":8},"end":{"line":88,"column":9}},"24":{"start":{"line":77,"column":12},"end":{"line":84,"column":14}},"25":{"start":{"line":85,"column":12},"end":{"line":85,"column":null}},"26":{"start":{"line":87,"column":12},"end":{"line":87,"column":58}},"27":{"start":{"line":95,"column":0},"end":{"line":95,"column":40}}},"fnMap":{"0":{"name":"(anonymous_7)","decl":{"start":{"line":8,"column":10},"end":{"line":8,"column":21}},"loc":{"start":{"line":8,"column":40},"end":{"line":22,"column":null}}},"1":{"name":"(anonymous_9)","decl":{"start":{"line":23,"column":10},"end":{"line":23,"column":28}},"loc":{"start":{"line":23,"column":28},"end":{"line":36,"column":null}}},"2":{"name":"(anonymous_11)","decl":{"start":{"line":38,"column":10},"end":{"line":38,"column":28}},"loc":{"start":{"line":38,"column":39},"end":{"line":52,"column":null}}},"3":{"name":"(anonymous_13)","decl":{"start":{"line":54,"column":10},"end":{"line":54,"column":26}},"loc":{"start":{"line":54,"column":81},"end":{"line":65,"column":null}}},"4":{"name":"(anonymous_15)","decl":{"start":{"line":67,"column":10},"end":{"line":67,"column":26}},"loc":{"start":{"line":67,"column":37},"end":{"line":73,"column":null}}},"5":{"name":"(anonymous_17)","decl":{"start":{"line":75,"column":10},"end":{"line":75,"column":24}},"loc":{"start":{"line":75,"column":43},"end":{"line":89,"column":null}}}},"branchMap":{"0":{"loc":{"start":{"line":29,"column":12},"end":{"line":32,"column":null}},"type":"if","locations":[{"start":{"line":29,"column":12},"end":{"line":32,"column":null}},{"start":{"line":32,"column":16},"end":{"line":32,"column":null}}]},"1":{"loc":{"start":{"line":45,"column":12},"end":{"line":48,"column":null}},"type":"if","locations":[{"start":{"line":45,"column":12},"end":{"line":48,"column":null}},{"start":{"line":48,"column":16},"end":{"line":48,"column":null}}]}},"s":{"0":1,"1":1,"2":0,"3":0,"4":0,"5":0,"6":0,"7":0,"8":0,"9":0,"10":0,"11":0,"12":0,"13":0,"14":0,"15":0,"16":0,"17":0,"18":0,"19":0,"20":1,"21":1,"22":0,"23":0,"24":0,"25":0,"26":0,"27":1},"f":{"0":0,"1":0,"2":0,"3":0,"4":1,"5":0},"b":{"0":[0,0],"1":[0,0]}}
}
